#! /usr/local/bin/vvp
:ivl_version "10.1 (stable)" "(v10_1-107-gab6ae79)";
:ivl_delay_selection "TYPICAL";
:vpi_time_precision + 0;
:vpi_module "system";
:vpi_module "vhdl_sys";
:vpi_module "v2005_math";
:vpi_module "va_math";
S_0x18037b0 .scope module, "testAlphabetMachine" "testAlphabetMachine" 2 13;
 .timescale 0 0;
v0x183e3f0_0 .var "clk", 0 0;
v0x183e4b0_0 .net "done", 0 0, v0x183dfb0_0;  1 drivers
v0x183e580_0 .var "inputSignal", 2 0;
v0x183e680_0 .net "letter", 7 0, v0x183e160_0;  1 drivers
S_0x1803930 .scope module, "dut" "alphaFSM" 2 20, 3 10 0, S_0x18037b0;
 .timescale 0 0;
    .port_info 0 /OUTPUT 8 "letter"
    .port_info 1 /OUTPUT 1 "done"
    .port_info 2 /INPUT 3 "inputSignal"
    .port_info 3 /INPUT 1 "clk"
P_0x181db20 .param/l "A" 1 3 23, +C4<00000000000000000000000000000001>;
P_0x181db60 .param/l "B" 1 3 24, +C4<00000000000000000000000000000010>;
P_0x181dba0 .param/l "C" 1 3 25, +C4<00000000000000000000000000000011>;
P_0x181dbe0 .param/l "D" 1 3 26, +C4<00000000000000000000000000000100>;
P_0x181dc20 .param/l "E" 1 3 27, +C4<00000000000000000000000000000101>;
P_0x181dc60 .param/l "Ex" 1 3 46, +C4<00000000000000000000000000011000>;
P_0x181dca0 .param/l "F" 1 3 28, +C4<00000000000000000000000000000110>;
P_0x181dce0 .param/l "G" 1 3 29, +C4<00000000000000000000000000000111>;
P_0x181dd20 .param/l "H" 1 3 30, +C4<00000000000000000000000000001000>;
P_0x181dd60 .param/l "I" 1 3 31, +C4<00000000000000000000000000001001>;
P_0x181dda0 .param/l "J" 1 3 32, +C4<00000000000000000000000000001010>;
P_0x181dde0 .param/l "K" 1 3 33, +C4<00000000000000000000000000001011>;
P_0x181de20 .param/l "L" 1 3 34, +C4<00000000000000000000000000001100>;
P_0x181de60 .param/l "M" 1 3 35, +C4<00000000000000000000000000001101>;
P_0x181dea0 .param/l "N" 1 3 36, +C4<00000000000000000000000000001110>;
P_0x181dee0 .param/l "O" 1 3 37, +C4<00000000000000000000000000001111>;
P_0x181df20 .param/l "P" 1 3 38, +C4<00000000000000000000000000010000>;
P_0x181df60 .param/l "Q" 1 3 39, +C4<00000000000000000000000000010001>;
P_0x181dfa0 .param/l "R" 1 3 40, +C4<00000000000000000000000000010010>;
P_0x181dfe0 .param/l "S" 1 3 41, +C4<00000000000000000000000000010011>;
P_0x181e020 .param/l "T" 1 3 42, +C4<00000000000000000000000000010100>;
P_0x181e060 .param/l "U" 1 3 43, +C4<00000000000000000000000000010101>;
P_0x181e0a0 .param/l "V" 1 3 44, +C4<00000000000000000000000000010110>;
P_0x181e0e0 .param/l "W" 1 3 45, +C4<00000000000000000000000000010111>;
P_0x181e120 .param/l "Y" 1 3 47, +C4<00000000000000000000000000011001>;
P_0x181e160 .param/l "Zee" 1 3 48, +C4<00000000000000000000000000011010>;
P_0x181e1a0 .param/l "space" 1 3 49, +C4<00000000000000000000000000011011>;
P_0x181e1e0 .param/l "start" 1 3 22, +C4<00000000000000000000000000000000>;
v0x181e230_0 .net "clk", 0 0, v0x183e3f0_0;  1 drivers
v0x183dfb0_0 .var "done", 0 0;
v0x183e070_0 .net "inputSignal", 2 0, v0x183e580_0;  1 drivers
v0x183e160_0 .var "letter", 7 0;
v0x183e240_0 .var "state", 5 0;
E_0x17afd40 .event edge, v0x183e240_0;
E_0x17afe30 .event posedge, v0x181e230_0;
    .scope S_0x1803930;
T_0 ;
    %pushi/vec4 0, 0, 6;
    %store/vec4 v0x183e240_0, 0, 6;
    %pushi/vec4 0, 0, 8;
    %store/vec4 v0x183e160_0, 0, 8;
    %end;
    .thread T_0;
    .scope S_0x1803930;
T_1 ;
    %wait E_0x17afe30;
    %load/vec4 v0x183e070_0;
    %cmpi/e 3, 0, 3;
    %jmp/0xz  T_1.0, 4;
    %pushi/vec4 0, 0, 6;
    %assign/vec4 v0x183e240_0, 0;
T_1.0 ;
    %load/vec4 v0x183e240_0;
    %pad/u 32;
    %pushi/vec4 0, 0, 32;
    %cmp/e;
    %flag_get/vec4 4;
    %load/vec4 v0x183e070_0;
    %pushi/vec4 4, 0, 3;
    %cmp/e;
    %flag_get/vec4 4;
    %and;
    %flag_set/vec4 8;
    %jmp/0xz  T_1.2, 8;
    %pushi/vec4 27, 0, 6;
    %assign/vec4 v0x183e240_0, 0;
T_1.2 ;
    %load/vec4 v0x183e240_0;
    %pad/u 32;
    %pushi/vec4 0, 0, 32;
    %cmp/e;
    %flag_get/vec4 4;
    %inv;
    %load/vec4 v0x183e070_0;
    %pushi/vec4 4, 0, 3;
    %cmp/e;
    %flag_get/vec4 4;
    %and;
    %flag_set/vec4 8;
    %jmp/0xz  T_1.4, 8;
    %load/vec4 v0x183e240_0;
    %assign/vec4 v0x183e240_0, 0;
T_1.4 ;
    %load/vec4 v0x183e240_0;
    %pad/u 32;
    %cmpi/e 27, 0, 32;
    %jmp/0xz  T_1.6, 4;
    %pushi/vec4 0, 0, 6;
    %assign/vec4 v0x183e240_0, 0;
T_1.6 ;
    %load/vec4 v0x183e240_0;
    %pad/u 32;
    %pushi/vec4 27, 0, 32;
    %cmp/e;
    %flag_get/vec4 4;
    %inv;
    %load/vec4 v0x183e070_0;
    %pushi/vec4 0, 0, 3;
    %cmp/e;
    %flag_get/vec4 4;
    %and;
    %flag_set/vec4 8;
    %jmp/0xz  T_1.8, 8;
    %load/vec4 v0x183e240_0;
    %assign/vec4 v0x183e240_0, 0;
T_1.8 ;
    %load/vec4 v0x183e240_0;
    %pad/u 32;
    %pushi/vec4 0, 0, 32;
    %cmp/e;
    %flag_get/vec4 4;
    %load/vec4 v0x183e070_0;
    %pushi/vec4 1, 0, 3;
    %cmp/e;
    %flag_get/vec4 4;
    %and;
    %flag_set/vec4 8;
    %jmp/0xz  T_1.10, 8;
    %pushi/vec4 5, 0, 6;
    %assign/vec4 v0x183e240_0, 0;
T_1.10 ;
    %load/vec4 v0x183e240_0;
    %pad/u 32;
    %pushi/vec4 0, 0, 32;
    %cmp/e;
    %flag_get/vec4 4;
    %load/vec4 v0x183e070_0;
    %pushi/vec4 2, 0, 3;
    %cmp/e;
    %flag_get/vec4 4;
    %and;
    %flag_set/vec4 8;
    %jmp/0xz  T_1.12, 8;
    %pushi/vec4 20, 0, 6;
    %assign/vec4 v0x183e240_0, 0;
T_1.12 ;
    %load/vec4 v0x183e240_0;
    %pad/u 32;
    %pushi/vec4 5, 0, 32;
    %cmp/e;
    %flag_get/vec4 4;
    %load/vec4 v0x183e070_0;
    %pushi/vec4 1, 0, 3;
    %cmp/e;
    %flag_get/vec4 4;
    %and;
    %flag_set/vec4 8;
    %jmp/0xz  T_1.14, 8;
    %pushi/vec4 9, 0, 6;
    %assign/vec4 v0x183e240_0, 0;
T_1.14 ;
    %load/vec4 v0x183e240_0;
    %pad/u 32;
    %pushi/vec4 5, 0, 32;
    %cmp/e;
    %flag_get/vec4 4;
    %load/vec4 v0x183e070_0;
    %pushi/vec4 2, 0, 3;
    %cmp/e;
    %flag_get/vec4 4;
    %and;
    %flag_set/vec4 8;
    %jmp/0xz  T_1.16, 8;
    %pushi/vec4 1, 0, 6;
    %assign/vec4 v0x183e240_0, 0;
T_1.16 ;
    %load/vec4 v0x183e240_0;
    %pad/u 32;
    %pushi/vec4 20, 0, 32;
    %cmp/e;
    %flag_get/vec4 4;
    %load/vec4 v0x183e070_0;
    %pushi/vec4 1, 0, 3;
    %cmp/e;
    %flag_get/vec4 4;
    %and;
    %flag_set/vec4 8;
    %jmp/0xz  T_1.18, 8;
    %pushi/vec4 14, 0, 6;
    %assign/vec4 v0x183e240_0, 0;
T_1.18 ;
    %load/vec4 v0x183e240_0;
    %pad/u 32;
    %pushi/vec4 20, 0, 32;
    %cmp/e;
    %flag_get/vec4 4;
    %load/vec4 v0x183e070_0;
    %pushi/vec4 2, 0, 3;
    %cmp/e;
    %flag_get/vec4 4;
    %and;
    %flag_set/vec4 8;
    %jmp/0xz  T_1.20, 8;
    %pushi/vec4 13, 0, 6;
    %assign/vec4 v0x183e240_0, 0;
T_1.20 ;
    %load/vec4 v0x183e240_0;
    %pad/u 32;
    %pushi/vec4 9, 0, 32;
    %cmp/e;
    %flag_get/vec4 4;
    %load/vec4 v0x183e070_0;
    %pushi/vec4 1, 0, 3;
    %cmp/e;
    %flag_get/vec4 4;
    %and;
    %flag_set/vec4 8;
    %jmp/0xz  T_1.22, 8;
    %pushi/vec4 19, 0, 6;
    %assign/vec4 v0x183e240_0, 0;
T_1.22 ;
    %load/vec4 v0x183e240_0;
    %pad/u 32;
    %pushi/vec4 9, 0, 32;
    %cmp/e;
    %flag_get/vec4 4;
    %load/vec4 v0x183e070_0;
    %pushi/vec4 2, 0, 3;
    %cmp/e;
    %flag_get/vec4 4;
    %and;
    %flag_set/vec4 8;
    %jmp/0xz  T_1.24, 8;
    %pushi/vec4 21, 0, 6;
    %assign/vec4 v0x183e240_0, 0;
T_1.24 ;
    %load/vec4 v0x183e240_0;
    %pad/u 32;
    %pushi/vec4 1, 0, 32;
    %cmp/e;
    %flag_get/vec4 4;
    %load/vec4 v0x183e070_0;
    %pushi/vec4 1, 0, 3;
    %cmp/e;
    %flag_get/vec4 4;
    %and;
    %flag_set/vec4 8;
    %jmp/0xz  T_1.26, 8;
    %pushi/vec4 18, 0, 6;
    %assign/vec4 v0x183e240_0, 0;
T_1.26 ;
    %load/vec4 v0x183e240_0;
    %pad/u 32;
    %pushi/vec4 1, 0, 32;
    %cmp/e;
    %flag_get/vec4 4;
    %load/vec4 v0x183e070_0;
    %pushi/vec4 2, 0, 3;
    %cmp/e;
    %flag_get/vec4 4;
    %and;
    %flag_set/vec4 8;
    %jmp/0xz  T_1.28, 8;
    %pushi/vec4 23, 0, 6;
    %assign/vec4 v0x183e240_0, 0;
T_1.28 ;
    %load/vec4 v0x183e240_0;
    %pad/u 32;
    %pushi/vec4 14, 0, 32;
    %cmp/e;
    %flag_get/vec4 4;
    %load/vec4 v0x183e070_0;
    %pushi/vec4 1, 0, 3;
    %cmp/e;
    %flag_get/vec4 4;
    %and;
    %flag_set/vec4 8;
    %jmp/0xz  T_1.30, 8;
    %pushi/vec4 4, 0, 6;
    %assign/vec4 v0x183e240_0, 0;
T_1.30 ;
    %load/vec4 v0x183e240_0;
    %pad/u 32;
    %pushi/vec4 14, 0, 32;
    %cmp/e;
    %flag_get/vec4 4;
    %load/vec4 v0x183e070_0;
    %pushi/vec4 2, 0, 3;
    %cmp/e;
    %flag_get/vec4 4;
    %and;
    %flag_set/vec4 8;
    %jmp/0xz  T_1.32, 8;
    %pushi/vec4 11, 0, 6;
    %assign/vec4 v0x183e240_0, 0;
T_1.32 ;
    %load/vec4 v0x183e240_0;
    %pad/u 32;
    %pushi/vec4 13, 0, 32;
    %cmp/e;
    %flag_get/vec4 4;
    %load/vec4 v0x183e070_0;
    %pushi/vec4 1, 0, 3;
    %cmp/e;
    %flag_get/vec4 4;
    %and;
    %flag_set/vec4 8;
    %jmp/0xz  T_1.34, 8;
    %pushi/vec4 7, 0, 6;
    %assign/vec4 v0x183e240_0, 0;
T_1.34 ;
    %load/vec4 v0x183e240_0;
    %pad/u 32;
    %pushi/vec4 13, 0, 32;
    %cmp/e;
    %flag_get/vec4 4;
    %load/vec4 v0x183e070_0;
    %pushi/vec4 2, 0, 3;
    %cmp/e;
    %flag_get/vec4 4;
    %and;
    %flag_set/vec4 8;
    %jmp/0xz  T_1.36, 8;
    %pushi/vec4 15, 0, 6;
    %assign/vec4 v0x183e240_0, 0;
T_1.36 ;
    %load/vec4 v0x183e240_0;
    %pad/u 32;
    %pushi/vec4 19, 0, 32;
    %cmp/e;
    %flag_get/vec4 4;
    %load/vec4 v0x183e070_0;
    %pushi/vec4 1, 0, 3;
    %cmp/e;
    %flag_get/vec4 4;
    %and;
    %flag_set/vec4 8;
    %jmp/0xz  T_1.38, 8;
    %pushi/vec4 8, 0, 6;
    %assign/vec4 v0x183e240_0, 0;
T_1.38 ;
    %load/vec4 v0x183e240_0;
    %pad/u 32;
    %pushi/vec4 19, 0, 32;
    %cmp/e;
    %flag_get/vec4 4;
    %load/vec4 v0x183e070_0;
    %pushi/vec4 2, 0, 3;
    %cmp/e;
    %flag_get/vec4 4;
    %and;
    %flag_set/vec4 8;
    %jmp/0xz  T_1.40, 8;
    %pushi/vec4 22, 0, 6;
    %assign/vec4 v0x183e240_0, 0;
T_1.40 ;
    %load/vec4 v0x183e240_0;
    %pad/u 32;
    %pushi/vec4 21, 0, 32;
    %cmp/e;
    %flag_get/vec4 4;
    %load/vec4 v0x183e070_0;
    %pushi/vec4 1, 0, 3;
    %cmp/e;
    %flag_get/vec4 4;
    %and;
    %flag_set/vec4 8;
    %jmp/0xz  T_1.42, 8;
    %pushi/vec4 6, 0, 6;
    %assign/vec4 v0x183e240_0, 0;
T_1.42 ;
    %load/vec4 v0x183e240_0;
    %pad/u 32;
    %pushi/vec4 18, 0, 32;
    %cmp/e;
    %flag_get/vec4 4;
    %load/vec4 v0x183e070_0;
    %pushi/vec4 1, 0, 3;
    %cmp/e;
    %flag_get/vec4 4;
    %and;
    %flag_set/vec4 8;
    %jmp/0xz  T_1.44, 8;
    %pushi/vec4 12, 0, 6;
    %assign/vec4 v0x183e240_0, 0;
T_1.44 ;
    %load/vec4 v0x183e240_0;
    %pad/u 32;
    %pushi/vec4 23, 0, 32;
    %cmp/e;
    %flag_get/vec4 4;
    %load/vec4 v0x183e070_0;
    %pushi/vec4 1, 0, 3;
    %cmp/e;
    %flag_get/vec4 4;
    %and;
    %flag_set/vec4 8;
    %jmp/0xz  T_1.46, 8;
    %pushi/vec4 16, 0, 6;
    %assign/vec4 v0x183e240_0, 0;
T_1.46 ;
    %load/vec4 v0x183e240_0;
    %pad/u 32;
    %pushi/vec4 23, 0, 32;
    %cmp/e;
    %flag_get/vec4 4;
    %load/vec4 v0x183e070_0;
    %pushi/vec4 2, 0, 3;
    %cmp/e;
    %flag_get/vec4 4;
    %and;
    %flag_set/vec4 8;
    %jmp/0xz  T_1.48, 8;
    %pushi/vec4 10, 0, 6;
    %assign/vec4 v0x183e240_0, 0;
T_1.48 ;
    %load/vec4 v0x183e240_0;
    %pad/u 32;
    %pushi/vec4 4, 0, 32;
    %cmp/e;
    %flag_get/vec4 4;
    %load/vec4 v0x183e070_0;
    %pushi/vec4 1, 0, 3;
    %cmp/e;
    %flag_get/vec4 4;
    %and;
    %flag_set/vec4 8;
    %jmp/0xz  T_1.50, 8;
    %pushi/vec4 2, 0, 6;
    %assign/vec4 v0x183e240_0, 0;
T_1.50 ;
    %load/vec4 v0x183e240_0;
    %pad/u 32;
    %pushi/vec4 4, 0, 32;
    %cmp/e;
    %flag_get/vec4 4;
    %load/vec4 v0x183e070_0;
    %pushi/vec4 2, 0, 3;
    %cmp/e;
    %flag_get/vec4 4;
    %and;
    %flag_set/vec4 8;
    %jmp/0xz  T_1.52, 8;
    %pushi/vec4 24, 0, 6;
    %assign/vec4 v0x183e240_0, 0;
T_1.52 ;
    %load/vec4 v0x183e240_0;
    %pad/u 32;
    %pushi/vec4 11, 0, 32;
    %cmp/e;
    %flag_get/vec4 4;
    %load/vec4 v0x183e070_0;
    %pushi/vec4 1, 0, 3;
    %cmp/e;
    %flag_get/vec4 4;
    %and;
    %flag_set/vec4 8;
    %jmp/0xz  T_1.54, 8;
    %pushi/vec4 3, 0, 6;
    %assign/vec4 v0x183e240_0, 0;
T_1.54 ;
    %load/vec4 v0x183e240_0;
    %pad/u 32;
    %pushi/vec4 11, 0, 32;
    %cmp/e;
    %flag_get/vec4 4;
    %load/vec4 v0x183e070_0;
    %pushi/vec4 2, 0, 3;
    %cmp/e;
    %flag_get/vec4 4;
    %and;
    %flag_set/vec4 8;
    %jmp/0xz  T_1.56, 8;
    %pushi/vec4 25, 0, 6;
    %assign/vec4 v0x183e240_0, 0;
T_1.56 ;
    %load/vec4 v0x183e240_0;
    %pad/u 32;
    %pushi/vec4 7, 0, 32;
    %cmp/e;
    %flag_get/vec4 4;
    %load/vec4 v0x183e070_0;
    %pushi/vec4 1, 0, 3;
    %cmp/e;
    %flag_get/vec4 4;
    %and;
    %flag_set/vec4 8;
    %jmp/0xz  T_1.58, 8;
    %pushi/vec4 26, 0, 6;
    %assign/vec4 v0x183e240_0, 0;
T_1.58 ;
    %load/vec4 v0x183e240_0;
    %pad/u 32;
    %pushi/vec4 7, 0, 32;
    %cmp/e;
    %flag_get/vec4 4;
    %load/vec4 v0x183e070_0;
    %pushi/vec4 2, 0, 3;
    %cmp/e;
    %flag_get/vec4 4;
    %and;
    %flag_set/vec4 8;
    %jmp/0xz  T_1.60, 8;
    %pushi/vec4 17, 0, 6;
    %assign/vec4 v0x183e240_0, 0;
T_1.60 ;
    %jmp T_1;
    .thread T_1;
    .scope S_0x1803930;
T_2 ;
    %wait E_0x17afd40;
    %load/vec4 v0x183e240_0;
    %dup/vec4;
    %pushi/vec4 0, 0, 6;
    %cmp/u;
    %jmp/1 T_2.0, 6;
    %dup/vec4;
    %pushi/vec4 1, 0, 6;
    %cmp/u;
    %jmp/1 T_2.1, 6;
    %dup/vec4;
    %pushi/vec4 2, 0, 6;
    %cmp/u;
    %jmp/1 T_2.2, 6;
    %dup/vec4;
    %pushi/vec4 3, 0, 6;
    %cmp/u;
    %jmp/1 T_2.3, 6;
    %dup/vec4;
    %pushi/vec4 4, 0, 6;
    %cmp/u;
    %jmp/1 T_2.4, 6;
    %dup/vec4;
    %pushi/vec4 5, 0, 6;
    %cmp/u;
    %jmp/1 T_2.5, 6;
    %dup/vec4;
    %pushi/vec4 6, 0, 6;
    %cmp/u;
    %jmp/1 T_2.6, 6;
    %dup/vec4;
    %pushi/vec4 7, 0, 6;
    %cmp/u;
    %jmp/1 T_2.7, 6;
    %dup/vec4;
    %pushi/vec4 8, 0, 6;
    %cmp/u;
    %jmp/1 T_2.8, 6;
    %dup/vec4;
    %pushi/vec4 9, 0, 6;
    %cmp/u;
    %jmp/1 T_2.9, 6;
    %dup/vec4;
    %pushi/vec4 10, 0, 6;
    %cmp/u;
    %jmp/1 T_2.10, 6;
    %dup/vec4;
    %pushi/vec4 11, 0, 6;
    %cmp/u;
    %jmp/1 T_2.11, 6;
    %dup/vec4;
    %pushi/vec4 12, 0, 6;
    %cmp/u;
    %jmp/1 T_2.12, 6;
    %dup/vec4;
    %pushi/vec4 13, 0, 6;
    %cmp/u;
    %jmp/1 T_2.13, 6;
    %dup/vec4;
    %pushi/vec4 14, 0, 6;
    %cmp/u;
    %jmp/1 T_2.14, 6;
    %dup/vec4;
    %pushi/vec4 15, 0, 6;
    %cmp/u;
    %jmp/1 T_2.15, 6;
    %dup/vec4;
    %pushi/vec4 16, 0, 6;
    %cmp/u;
    %jmp/1 T_2.16, 6;
    %dup/vec4;
    %pushi/vec4 17, 0, 6;
    %cmp/u;
    %jmp/1 T_2.17, 6;
    %dup/vec4;
    %pushi/vec4 18, 0, 6;
    %cmp/u;
    %jmp/1 T_2.18, 6;
    %dup/vec4;
    %pushi/vec4 19, 0, 6;
    %cmp/u;
    %jmp/1 T_2.19, 6;
    %dup/vec4;
    %pushi/vec4 20, 0, 6;
    %cmp/u;
    %jmp/1 T_2.20, 6;
    %dup/vec4;
    %pushi/vec4 21, 0, 6;
    %cmp/u;
    %jmp/1 T_2.21, 6;
    %dup/vec4;
    %pushi/vec4 22, 0, 6;
    %cmp/u;
    %jmp/1 T_2.22, 6;
    %dup/vec4;
    %pushi/vec4 23, 0, 6;
    %cmp/u;
    %jmp/1 T_2.23, 6;
    %dup/vec4;
    %pushi/vec4 24, 0, 6;
    %cmp/u;
    %jmp/1 T_2.24, 6;
    %dup/vec4;
    %pushi/vec4 25, 0, 6;
    %cmp/u;
    %jmp/1 T_2.25, 6;
    %dup/vec4;
    %pushi/vec4 26, 0, 6;
    %cmp/u;
    %jmp/1 T_2.26, 6;
    %dup/vec4;
    %pushi/vec4 27, 0, 6;
    %cmp/u;
    %jmp/1 T_2.27, 6;
    %jmp T_2.28;
T_2.0 ;
    %pushi/vec4 1, 0, 1;
    %store/vec4 v0x183dfb0_0, 0, 1;
    %load/vec4 v0x183e160_0;
    %store/vec4 v0x183e160_0, 0, 8;
    %jmp T_2.28;
T_2.1 ;
    %pushi/vec4 0, 0, 1;
    %store/vec4 v0x183dfb0_0, 0, 1;
    %pushi/vec4 65, 0, 8;
    %store/vec4 v0x183e160_0, 0, 8;
    %jmp T_2.28;
T_2.2 ;
    %pushi/vec4 0, 0, 1;
    %store/vec4 v0x183dfb0_0, 0, 1;
    %pushi/vec4 66, 0, 8;
    %store/vec4 v0x183e160_0, 0, 8;
    %jmp T_2.28;
T_2.3 ;
    %pushi/vec4 0, 0, 1;
    %store/vec4 v0x183dfb0_0, 0, 1;
    %pushi/vec4 67, 0, 8;
    %store/vec4 v0x183e160_0, 0, 8;
    %jmp T_2.28;
T_2.4 ;
    %pushi/vec4 0, 0, 1;
    %store/vec4 v0x183dfb0_0, 0, 1;
    %pushi/vec4 68, 0, 8;
    %store/vec4 v0x183e160_0, 0, 8;
    %jmp T_2.28;
T_2.5 ;
    %pushi/vec4 0, 0, 1;
    %store/vec4 v0x183dfb0_0, 0, 1;
    %pushi/vec4 69, 0, 8;
    %store/vec4 v0x183e160_0, 0, 8;
    %jmp T_2.28;
T_2.6 ;
    %pushi/vec4 0, 0, 1;
    %store/vec4 v0x183dfb0_0, 0, 1;
    %pushi/vec4 70, 0, 8;
    %store/vec4 v0x183e160_0, 0, 8;
    %jmp T_2.28;
T_2.7 ;
    %pushi/vec4 0, 0, 1;
    %store/vec4 v0x183dfb0_0, 0, 1;
    %pushi/vec4 71, 0, 8;
    %store/vec4 v0x183e160_0, 0, 8;
    %jmp T_2.28;
T_2.8 ;
    %pushi/vec4 0, 0, 1;
    %store/vec4 v0x183dfb0_0, 0, 1;
    %pushi/vec4 72, 0, 8;
    %store/vec4 v0x183e160_0, 0, 8;
    %jmp T_2.28;
T_2.9 ;
    %pushi/vec4 0, 0, 1;
    %store/vec4 v0x183dfb0_0, 0, 1;
    %pushi/vec4 73, 0, 8;
    %store/vec4 v0x183e160_0, 0, 8;
    %jmp T_2.28;
T_2.10 ;
    %pushi/vec4 0, 0, 1;
    %store/vec4 v0x183dfb0_0, 0, 1;
    %pushi/vec4 74, 0, 8;
    %store/vec4 v0x183e160_0, 0, 8;
    %jmp T_2.28;
T_2.11 ;
    %pushi/vec4 0, 0, 1;
    %store/vec4 v0x183dfb0_0, 0, 1;
    %pushi/vec4 75, 0, 8;
    %store/vec4 v0x183e160_0, 0, 8;
    %jmp T_2.28;
T_2.12 ;
    %pushi/vec4 0, 0, 1;
    %store/vec4 v0x183dfb0_0, 0, 1;
    %pushi/vec4 76, 0, 8;
    %store/vec4 v0x183e160_0, 0, 8;
    %jmp T_2.28;
T_2.13 ;
    %pushi/vec4 0, 0, 1;
    %store/vec4 v0x183dfb0_0, 0, 1;
    %pushi/vec4 77, 0, 8;
    %store/vec4 v0x183e160_0, 0, 8;
    %jmp T_2.28;
T_2.14 ;
    %pushi/vec4 0, 0, 1;
    %store/vec4 v0x183dfb0_0, 0, 1;
    %pushi/vec4 78, 0, 8;
    %store/vec4 v0x183e160_0, 0, 8;
    %jmp T_2.28;
T_2.15 ;
    %pushi/vec4 0, 0, 1;
    %store/vec4 v0x183dfb0_0, 0, 1;
    %pushi/vec4 79, 0, 8;
    %store/vec4 v0x183e160_0, 0, 8;
    %jmp T_2.28;
T_2.16 ;
    %pushi/vec4 0, 0, 1;
    %store/vec4 v0x183dfb0_0, 0, 1;
    %pushi/vec4 80, 0, 8;
    %store/vec4 v0x183e160_0, 0, 8;
    %jmp T_2.28;
T_2.17 ;
    %pushi/vec4 0, 0, 1;
    %store/vec4 v0x183dfb0_0, 0, 1;
    %pushi/vec4 81, 0, 8;
    %store/vec4 v0x183e160_0, 0, 8;
    %jmp T_2.28;
T_2.18 ;
    %pushi/vec4 0, 0, 1;
    %store/vec4 v0x183dfb0_0, 0, 1;
    %pushi/vec4 82, 0, 8;
    %store/vec4 v0x183e160_0, 0, 8;
    %jmp T_2.28;
T_2.19 ;
    %pushi/vec4 0, 0, 1;
    %store/vec4 v0x183dfb0_0, 0, 1;
    %pushi/vec4 83, 0, 8;
    %store/vec4 v0x183e160_0, 0, 8;
    %jmp T_2.28;
T_2.20 ;
    %pushi/vec4 0, 0, 1;
    %store/vec4 v0x183dfb0_0, 0, 1;
    %pushi/vec4 84, 0, 8;
    %store/vec4 v0x183e160_0, 0, 8;
    %jmp T_2.28;
T_2.21 ;
    %pushi/vec4 0, 0, 1;
    %store/vec4 v0x183dfb0_0, 0, 1;
    %pushi/vec4 85, 0, 8;
    %store/vec4 v0x183e160_0, 0, 8;
    %jmp T_2.28;
T_2.22 ;
    %pushi/vec4 0, 0, 1;
    %store/vec4 v0x183dfb0_0, 0, 1;
    %pushi/vec4 86, 0, 8;
    %store/vec4 v0x183e160_0, 0, 8;
    %jmp T_2.28;
T_2.23 ;
    %pushi/vec4 0, 0, 1;
    %store/vec4 v0x183dfb0_0, 0, 1;
    %pushi/vec4 87, 0, 8;
    %store/vec4 v0x183e160_0, 0, 8;
    %jmp T_2.28;
T_2.24 ;
    %pushi/vec4 0, 0, 1;
    %store/vec4 v0x183dfb0_0, 0, 1;
    %pushi/vec4 88, 0, 8;
    %store/vec4 v0x183e160_0, 0, 8;
    %jmp T_2.28;
T_2.25 ;
    %pushi/vec4 0, 0, 1;
    %store/vec4 v0x183dfb0_0, 0, 1;
    %pushi/vec4 89, 0, 8;
    %store/vec4 v0x183e160_0, 0, 8;
    %jmp T_2.28;
T_2.26 ;
    %pushi/vec4 0, 0, 1;
    %store/vec4 v0x183dfb0_0, 0, 1;
    %pushi/vec4 90, 0, 8;
    %store/vec4 v0x183e160_0, 0, 8;
    %jmp T_2.28;
T_2.27 ;
    %pushi/vec4 0, 0, 1;
    %store/vec4 v0x183dfb0_0, 0, 1;
    %pushi/vec4 32, 0, 8;
    %store/vec4 v0x183e160_0, 0, 8;
    %jmp T_2.28;
T_2.28 ;
    %pop/vec4 1;
    %jmp T_2;
    .thread T_2, $push;
    .scope S_0x18037b0;
T_3 ;
    %pushi/vec4 0, 0, 1;
    %store/vec4 v0x183e3f0_0, 0, 1;
    %vpi_call 2 28 "$display", "Signal | done |   letter  | state" {0 0 0};
    %vpi_call 2 29 "$display", "------------------------------------" {0 0 0};
    %vpi_call 2 30 "$display", "Testing E" {0 0 0};
    %vpi_call 2 31 "$display", "------------------------------------" {0 0 0};
    %pushi/vec4 1, 0, 3;
    %store/vec4 v0x183e580_0, 0, 3;
    %delay 5, 0;
    %pushi/vec4 1, 0, 1;
    %store/vec4 v0x183e3f0_0, 0, 1;
    %delay 5, 0;
    %pushi/vec4 0, 0, 1;
    %store/vec4 v0x183e3f0_0, 0, 1;
    %vpi_call 2 33 "$display", "%b    |  %b   |   %d     |  %d", v0x183e580_0, v0x183e4b0_0, v0x183e680_0, v0x183e240_0 {0 0 0};
    %pushi/vec4 3, 0, 3;
    %store/vec4 v0x183e580_0, 0, 3;
    %delay 5, 0;
    %pushi/vec4 1, 0, 1;
    %store/vec4 v0x183e3f0_0, 0, 1;
    %delay 5, 0;
    %pushi/vec4 0, 0, 1;
    %store/vec4 v0x183e3f0_0, 0, 1;
    %vpi_call 2 35 "$display", "%b    |  %b   |   %d     |  %d", v0x183e580_0, v0x183e4b0_0, v0x183e680_0, v0x183e240_0 {0 0 0};
    %pushi/vec4 0, 0, 3;
    %store/vec4 v0x183e580_0, 0, 3;
    %delay 5, 0;
    %pushi/vec4 1, 0, 1;
    %store/vec4 v0x183e3f0_0, 0, 1;
    %delay 5, 0;
    %pushi/vec4 0, 0, 1;
    %store/vec4 v0x183e3f0_0, 0, 1;
    %vpi_call 2 37 "$display", "%b    |  %b   |   %d     |  %d", v0x183e580_0, v0x183e4b0_0, v0x183e680_0, v0x183e240_0 {0 0 0};
    %pushi/vec4 0, 0, 3;
    %store/vec4 v0x183e580_0, 0, 3;
    %delay 5, 0;
    %pushi/vec4 1, 0, 1;
    %store/vec4 v0x183e3f0_0, 0, 1;
    %delay 5, 0;
    %pushi/vec4 0, 0, 1;
    %store/vec4 v0x183e3f0_0, 0, 1;
    %vpi_call 2 39 "$display", "%b    |  %b   |   %d     |  %d", v0x183e580_0, v0x183e4b0_0, v0x183e680_0, v0x183e240_0 {0 0 0};
    %vpi_call 2 40 "$display", "------------------------------------" {0 0 0};
    %vpi_call 2 41 "$display", "Testing B" {0 0 0};
    %vpi_call 2 42 "$display", "------------------------------------" {0 0 0};
    %pushi/vec4 2, 0, 3;
    %store/vec4 v0x183e580_0, 0, 3;
    %delay 5, 0;
    %pushi/vec4 1, 0, 1;
    %store/vec4 v0x183e3f0_0, 0, 1;
    %delay 5, 0;
    %pushi/vec4 0, 0, 1;
    %store/vec4 v0x183e3f0_0, 0, 1;
    %vpi_call 2 44 "$display", "%b    |  %b   |   %d     |  %d", v0x183e580_0, v0x183e4b0_0, v0x183e680_0, v0x183e240_0 {0 0 0};
    %pushi/vec4 1, 0, 3;
    %store/vec4 v0x183e580_0, 0, 3;
    %delay 5, 0;
    %pushi/vec4 1, 0, 1;
    %store/vec4 v0x183e3f0_0, 0, 1;
    %delay 5, 0;
    %pushi/vec4 0, 0, 1;
    %store/vec4 v0x183e3f0_0, 0, 1;
    %vpi_call 2 46 "$display", "%b    |  %b   |   %d     |  %d", v0x183e580_0, v0x183e4b0_0, v0x183e680_0, v0x183e240_0 {0 0 0};
    %pushi/vec4 1, 0, 3;
    %store/vec4 v0x183e580_0, 0, 3;
    %delay 5, 0;
    %pushi/vec4 1, 0, 1;
    %store/vec4 v0x183e3f0_0, 0, 1;
    %delay 5, 0;
    %pushi/vec4 0, 0, 1;
    %store/vec4 v0x183e3f0_0, 0, 1;
    %vpi_call 2 48 "$display", "%b    |  %b   |   %d     |  %d", v0x183e580_0, v0x183e4b0_0, v0x183e680_0, v0x183e240_0 {0 0 0};
    %pushi/vec4 1, 0, 3;
    %store/vec4 v0x183e580_0, 0, 3;
    %delay 5, 0;
    %pushi/vec4 1, 0, 1;
    %store/vec4 v0x183e3f0_0, 0, 1;
    %delay 5, 0;
    %pushi/vec4 0, 0, 1;
    %store/vec4 v0x183e3f0_0, 0, 1;
    %vpi_call 2 50 "$display", "%b    |  %b   |   %d     |  %d", v0x183e580_0, v0x183e4b0_0, v0x183e680_0, v0x183e240_0 {0 0 0};
    %pushi/vec4 3, 0, 3;
    %store/vec4 v0x183e580_0, 0, 3;
    %delay 5, 0;
    %pushi/vec4 1, 0, 1;
    %store/vec4 v0x183e3f0_0, 0, 1;
    %delay 5, 0;
    %pushi/vec4 0, 0, 1;
    %store/vec4 v0x183e3f0_0, 0, 1;
    %vpi_call 2 52 "$display", "%b    |  %b   |   %d     |  %d", v0x183e580_0, v0x183e4b0_0, v0x183e680_0, v0x183e240_0 {0 0 0};
    %pushi/vec4 0, 0, 3;
    %store/vec4 v0x183e580_0, 0, 3;
    %delay 5, 0;
    %pushi/vec4 1, 0, 1;
    %store/vec4 v0x183e3f0_0, 0, 1;
    %delay 5, 0;
    %pushi/vec4 0, 0, 1;
    %store/vec4 v0x183e3f0_0, 0, 1;
    %vpi_call 2 54 "$display", "%b    |  %b   |   %d     |  %d", v0x183e580_0, v0x183e4b0_0, v0x183e680_0, v0x183e240_0 {0 0 0};
    %pushi/vec4 0, 0, 3;
    %store/vec4 v0x183e580_0, 0, 3;
    %delay 5, 0;
    %pushi/vec4 1, 0, 1;
    %store/vec4 v0x183e3f0_0, 0, 1;
    %delay 5, 0;
    %pushi/vec4 0, 0, 1;
    %store/vec4 v0x183e3f0_0, 0, 1;
    %vpi_call 2 56 "$display", "%b    |  %b   |   %d     |  %d", v0x183e580_0, v0x183e4b0_0, v0x183e680_0, v0x183e240_0 {0 0 0};
    %vpi_call 2 57 "$display", "-------------------------------------" {0 0 0};
    %vpi_call 2 58 "$display", "Testing Space" {0 0 0};
    %vpi_call 2 59 "$display", "-------------------------------------" {0 0 0};
    %pushi/vec4 4, 0, 3;
    %store/vec4 v0x183e580_0, 0, 3;
    %delay 5, 0;
    %pushi/vec4 1, 0, 1;
    %store/vec4 v0x183e3f0_0, 0, 1;
    %delay 5, 0;
    %pushi/vec4 0, 0, 1;
    %store/vec4 v0x183e3f0_0, 0, 1;
    %vpi_call 2 61 "$display", "%b    |  %b   |   %d     |  %d", v0x183e580_0, v0x183e4b0_0, v0x183e680_0, v0x183e240_0 {0 0 0};
    %pushi/vec4 0, 0, 3;
    %store/vec4 v0x183e580_0, 0, 3;
    %delay 5, 0;
    %pushi/vec4 1, 0, 1;
    %store/vec4 v0x183e3f0_0, 0, 1;
    %delay 5, 0;
    %pushi/vec4 0, 0, 1;
    %store/vec4 v0x183e3f0_0, 0, 1;
    %vpi_call 2 63 "$display", "%b    |  %b   |   %d     |  %d", v0x183e580_0, v0x183e4b0_0, v0x183e680_0, v0x183e240_0 {0 0 0};
    %pushi/vec4 0, 0, 3;
    %store/vec4 v0x183e580_0, 0, 3;
    %delay 5, 0;
    %pushi/vec4 1, 0, 1;
    %store/vec4 v0x183e3f0_0, 0, 1;
    %delay 5, 0;
    %pushi/vec4 0, 0, 1;
    %store/vec4 v0x183e3f0_0, 0, 1;
    %vpi_call 2 65 "$display", "%b    |  %b   |   %d     |  %d", v0x183e580_0, v0x183e4b0_0, v0x183e680_0, v0x183e240_0 {0 0 0};
    %pushi/vec4 1, 0, 3;
    %store/vec4 v0x183e580_0, 0, 3;
    %delay 5, 0;
    %pushi/vec4 1, 0, 1;
    %store/vec4 v0x183e3f0_0, 0, 1;
    %delay 5, 0;
    %pushi/vec4 0, 0, 1;
    %store/vec4 v0x183e3f0_0, 0, 1;
    %vpi_call 2 67 "$display", "%b    |  %b   |   %d     |  %d", v0x183e580_0, v0x183e4b0_0, v0x183e680_0, v0x183e240_0 {0 0 0};
    %pushi/vec4 4, 0, 3;
    %store/vec4 v0x183e580_0, 0, 3;
    %delay 5, 0;
    %pushi/vec4 1, 0, 1;
    %store/vec4 v0x183e3f0_0, 0, 1;
    %delay 5, 0;
    %pushi/vec4 0, 0, 1;
    %store/vec4 v0x183e3f0_0, 0, 1;
    %vpi_call 2 69 "$display", "%b    |  %b   |   %d     |  %d", v0x183e580_0, v0x183e4b0_0, v0x183e680_0, v0x183e240_0 {0 0 0};
    %pushi/vec4 4, 0, 3;
    %store/vec4 v0x183e580_0, 0, 3;
    %delay 5, 0;
    %pushi/vec4 1, 0, 1;
    %store/vec4 v0x183e3f0_0, 0, 1;
    %delay 5, 0;
    %pushi/vec4 0, 0, 1;
    %store/vec4 v0x183e3f0_0, 0, 1;
    %vpi_call 2 71 "$display", "%b    |  %b   |   %d     |  %d", v0x183e580_0, v0x183e4b0_0, v0x183e680_0, v0x183e240_0 {0 0 0};
    %pushi/vec4 4, 0, 3;
    %store/vec4 v0x183e580_0, 0, 3;
    %delay 5, 0;
    %pushi/vec4 1, 0, 1;
    %store/vec4 v0x183e3f0_0, 0, 1;
    %delay 5, 0;
    %pushi/vec4 0, 0, 1;
    %store/vec4 v0x183e3f0_0, 0, 1;
    %vpi_call 2 73 "$display", "%b    |  %b   |   %d     |  %d", v0x183e580_0, v0x183e4b0_0, v0x183e680_0, v0x183e240_0 {0 0 0};
    %end;
    .thread T_3;
# The file index is used to find the file name in the following table.
:file_names 4;
    "N/A";
    "<interactive>";
    "alphabetMachine.t.v";
    "./alphabetMachine.v";
